Timestamp: 2021-11-03 19:12:18.224987 | ProcessId: client_1 | Action: Initial configuration | Object: {'nvalidators': 4, 'nfaulty': 1, 'nclients': 3, 'nclientops': 4, 'sleeptime': 1, 'clienttimeout': 10, 'delta': 4, 'window_size': 5, 'exclude_size': 1, 'failure_config': FailureConfig(failures=[Failure(src=3, dest='_', msg_type=<MsgType.Vote: 4>, round=1, prob=1, fail_type=<FailType.SetAttr: 3>, val=4, attr='current_round')], seed=637713655)} |
Timestamp: 2021-11-03 19:12:18.273149 | ProcessId: client_1 | Event: Sent | MsgType: Request | To: ALL validators | Msg: {'req_id': '1_0', 'command': '1-0'}
Timestamp: 2021-11-03 19:12:18.282351 | ProcessId: client_1 | Event: Sent | MsgType: Request | To: ALL validators | Msg: {'req_id': '1_1', 'command': '1-1'}
Timestamp: 2021-11-03 19:12:18.301898 | ProcessId: client_1 | Event: Sent | MsgType: Request | To: ALL validators | Msg: {'req_id': '1_2', 'command': '1-2'}
Timestamp: 2021-11-03 19:12:18.313293 | ProcessId: client_1 | Event: Sent | MsgType: Request | To: ALL validators | Msg: {'req_id': '1_3', 'command': '1-3'}
Timestamp: 2021-11-03 19:12:18.562390 | ProcessId: client_1 | Event: Received | MsgType: Response | From: validator_0 | Msg: {'req_id': '1_0', 'resp_status': 'success'}
Timestamp: 2021-11-03 19:12:18.587885 | ProcessId: client_1 | Event: Received | MsgType: Response | From: validator_2 | Msg: {'req_id': '1_0', 'resp_status': 'success'}
Timestamp: 2021-11-03 19:12:18.588153 | ProcessId: client_1 | Action: Received f + 1 valid responses | Object: 1_0 |
Timestamp: 2021-11-03 19:12:18.623640 | ProcessId: client_1 | Event: Received | MsgType: Response | From: validator_1 | Msg: {'req_id': '1_0', 'resp_status': 'success'}
Timestamp: 2021-11-03 19:12:18.671958 | ProcessId: client_1 | Event: Received | MsgType: Response | From: validator_2 | Msg: {'req_id': '1_1', 'resp_status': 'success'}
Timestamp: 2021-11-03 19:12:18.678552 | ProcessId: client_1 | Event: Received | MsgType: Response | From: validator_3 | Msg: {'req_id': '1_1', 'resp_status': 'success'}
Timestamp: 2021-11-03 19:12:18.679305 | ProcessId: client_1 | Action: Received f + 1 valid responses | Object: 1_1 |
Timestamp: 2021-11-03 19:12:18.683425 | ProcessId: client_1 | Event: Received | MsgType: Response | From: validator_0 | Msg: {'req_id': '1_1', 'resp_status': 'success'}
Timestamp: 2021-11-03 19:12:18.686424 | ProcessId: client_1 | Event: Received | MsgType: Response | From: validator_1 | Msg: {'req_id': '1_1', 'resp_status': 'success'}
Timestamp: 2021-11-03 19:12:18.796900 | ProcessId: client_1 | Event: Received | MsgType: Response | From: validator_0 | Msg: {'req_id': '1_2', 'resp_status': 'success'}
Timestamp: 2021-11-03 19:12:18.804692 | ProcessId: client_1 | Event: Received | MsgType: Response | From: validator_2 | Msg: {'req_id': '1_2', 'resp_status': 'success'}
Timestamp: 2021-11-03 19:12:18.805466 | ProcessId: client_1 | Action: Received f + 1 valid responses | Object: 1_2 |
Timestamp: 2021-11-03 19:12:18.811106 | ProcessId: client_1 | Event: Received | MsgType: Response | From: validator_1 | Msg: {'req_id': '1_2', 'resp_status': 'success'}
Timestamp: 2021-11-03 19:12:18.812284 | ProcessId: client_1 | Event: Received | MsgType: Response | From: validator_3 | Msg: {'req_id': '1_2', 'resp_status': 'success'}
Timestamp: 2021-11-03 19:12:18.859394 | ProcessId: client_1 | Event: Received | MsgType: Response | From: validator_0 | Msg: {'req_id': '1_3', 'resp_status': 'success'}
Timestamp: 2021-11-03 19:12:18.875223 | ProcessId: client_1 | Event: Received | MsgType: Response | From: validator_1 | Msg: {'req_id': '1_3', 'resp_status': 'success'}
Timestamp: 2021-11-03 19:12:18.877926 | ProcessId: client_1 | Action: Received f + 1 valid responses | Object: 1_3 |
Timestamp: 2021-11-03 19:12:18.878348 | ProcessId: client_1 | Event: Sent | MsgType: Done | To: parent_process | Msg: None
