Timestamp: 2021-11-03 19:12:17.790236 | ProcessId: client_2 | Action: Initial configuration | Object: {'nvalidators': 4, 'nfaulty': 1, 'nclients': 3, 'nclientops': 4, 'sleeptime': 1, 'clienttimeout': 10, 'delta': 4, 'window_size': 5, 'exclude_size': 1, 'failure_config': FailureConfig(failures=[Failure(src='_', dest=0, msg_type=<MsgType.Proposal: 1>, round=4, prob=1, fail_type=<FailType.MsgLoss: 1>, val=None, attr=None), Failure(src='_', dest=1, msg_type=<MsgType.Proposal: 1>, round=4, prob=1, fail_type=<FailType.MsgLoss: 1>, val=None, attr=None)], seed=637713655)} |
Timestamp: 2021-11-03 19:12:17.813078 | ProcessId: client_2 | Event: Sent | MsgType: Request | To: ALL validators | Msg: {'req_id': '2_0', 'command': '2-0'}
Timestamp: 2021-11-03 19:12:17.823176 | ProcessId: client_2 | Event: Sent | MsgType: Request | To: ALL validators | Msg: {'req_id': '2_1', 'command': '2-1'}
Timestamp: 2021-11-03 19:12:17.828979 | ProcessId: client_2 | Event: Sent | MsgType: Request | To: ALL validators | Msg: {'req_id': '2_2', 'command': '2-2'}
Timestamp: 2021-11-03 19:12:17.836946 | ProcessId: client_2 | Event: Sent | MsgType: Request | To: ALL validators | Msg: {'req_id': '2_3', 'command': '2-3'}
Timestamp: 2021-11-03 19:12:17.966853 | ProcessId: client_2 | Event: Received | MsgType: Response | From: validator_1 | Msg: {'req_id': '2_0', 'resp_status': 'success'}
Timestamp: 2021-11-03 19:12:17.993102 | ProcessId: client_2 | Event: Received | MsgType: Response | From: validator_3 | Msg: {'req_id': '2_0', 'resp_status': 'success'}
Timestamp: 2021-11-03 19:12:17.997426 | ProcessId: client_2 | Action: Received f + 1 valid responses | Object: 2_0 |
Timestamp: 2021-11-03 19:12:18.013639 | ProcessId: client_2 | Event: Received | MsgType: Response | From: validator_2 | Msg: {'req_id': '2_0', 'resp_status': 'success'}
Timestamp: 2021-11-03 19:12:18.036515 | ProcessId: client_2 | Event: Received | MsgType: Response | From: validator_0 | Msg: {'req_id': '2_0', 'resp_status': 'success'}
Timestamp: 2021-11-03 19:12:27.831151 | ProcessId: client_2 | Action: Retransmitting Request | Object: {'req_id': '2_1', 'command': '2-1'} |
Timestamp: 2021-11-03 19:12:27.839149 | ProcessId: client_2 | Event: Sent | MsgType: Request | To: ALL validators | Msg: {'req_id': '2_1', 'command': '2-1'}
Timestamp: 2021-11-03 19:12:27.841678 | ProcessId: client_2 | Action: Retransmitting Request | Object: {'req_id': '2_2', 'command': '2-2'} |
Timestamp: 2021-11-03 19:12:27.846528 | ProcessId: client_2 | Action: Retransmitting Request | Object: {'req_id': '2_3', 'command': '2-3'} |
Timestamp: 2021-11-03 19:12:27.850061 | ProcessId: client_2 | Event: Sent | MsgType: Request | To: ALL validators | Msg: {'req_id': '2_3', 'command': '2-3'}
Timestamp: 2021-11-03 19:12:27.851344 | ProcessId: client_2 | Event: Sent | MsgType: Request | To: ALL validators | Msg: {'req_id': '2_2', 'command': '2-2'}
Timestamp: 2021-11-03 19:12:34.246424 | ProcessId: client_2 | Event: Received | MsgType: Response | From: validator_3 | Msg: {'req_id': '2_1', 'resp_status': 'success'}
Timestamp: 2021-11-03 19:12:34.250795 | ProcessId: client_2 | Event: Received | MsgType: Response | From: validator_0 | Msg: {'req_id': '2_1', 'resp_status': 'success'}
Timestamp: 2021-11-03 19:12:34.251293 | ProcessId: client_2 | Action: Received f + 1 valid responses | Object: 2_1 |
Timestamp: 2021-11-03 19:12:34.251734 | ProcessId: client_2 | Event: Received | MsgType: Response | From: validator_1 | Msg: {'req_id': '2_1', 'resp_status': 'success'}
Timestamp: 2021-11-03 19:12:34.252599 | ProcessId: client_2 | Event: Received | MsgType: Response | From: validator_2 | Msg: {'req_id': '2_1', 'resp_status': 'success'}
Timestamp: 2021-11-03 19:12:34.259095 | ProcessId: client_2 | Event: Received | MsgType: Response | From: validator_3 | Msg: {'req_id': '2_2', 'resp_status': 'success'}
Timestamp: 2021-11-03 19:12:34.263249 | ProcessId: client_2 | Event: Received | MsgType: Response | From: validator_0 | Msg: {'req_id': '2_2', 'resp_status': 'success'}
Timestamp: 2021-11-03 19:12:34.263700 | ProcessId: client_2 | Action: Received f + 1 valid responses | Object: 2_2 |
Timestamp: 2021-11-03 19:12:34.263959 | ProcessId: client_2 | Event: Received | MsgType: Response | From: validator_1 | Msg: {'req_id': '2_2', 'resp_status': 'success'}
Timestamp: 2021-11-03 19:12:34.264191 | ProcessId: client_2 | Event: Received | MsgType: Response | From: validator_2 | Msg: {'req_id': '2_2', 'resp_status': 'success'}
Timestamp: 2021-11-03 19:12:34.319279 | ProcessId: client_2 | Event: Received | MsgType: Response | From: validator_2 | Msg: {'req_id': '2_3', 'resp_status': 'success'}
Timestamp: 2021-11-03 19:12:34.323319 | ProcessId: client_2 | Event: Received | MsgType: Response | From: validator_0 | Msg: {'req_id': '2_3', 'resp_status': 'success'}
Timestamp: 2021-11-03 19:12:34.323615 | ProcessId: client_2 | Action: Received f + 1 valid responses | Object: 2_3 |
Timestamp: 2021-11-03 19:12:34.324028 | ProcessId: client_2 | Event: Sent | MsgType: Done | To: parent_process | Msg: None
