Timestamp: 2021-11-03 19:12:17.898935 | ProcessId: client_2 | Action: Initial configuration | Object: {'nvalidators': 7, 'nfaulty': 2, 'nclients': 3, 'nclientops': 4, 'sleeptime': 1, 'clienttimeout': 10, 'delta': 4, 'window_size': 5, 'exclude_size': 3, 'failure_config': FailureConfig(failures=[Failure(src='_', dest=0, msg_type=<MsgType.Proposal: 1>, round=4, prob=1, fail_type=<FailType.Delay: 2>, val=30, attr=None), Failure(src='_', dest=1, msg_type=<MsgType.Proposal: 1>, round=4, prob=1, fail_type=<FailType.Delay: 2>, val=30, attr=None), Failure(src='_', dest=4, msg_type=<MsgType.Proposal: 1>, round=4, prob=1, fail_type=<FailType.Delay: 2>, val=30, attr=None)], seed=637713655)} |
Timestamp: 2021-11-03 19:12:17.948057 | ProcessId: client_2 | Event: Sent | MsgType: Request | To: ALL validators | Msg: {'req_id': '2_0', 'command': '2-0'}
Timestamp: 2021-11-03 19:12:17.957065 | ProcessId: client_2 | Event: Sent | MsgType: Request | To: ALL validators | Msg: {'req_id': '2_1', 'command': '2-1'}
Timestamp: 2021-11-03 19:12:17.965384 | ProcessId: client_2 | Event: Sent | MsgType: Request | To: ALL validators | Msg: {'req_id': '2_2', 'command': '2-2'}
Timestamp: 2021-11-03 19:12:17.973442 | ProcessId: client_2 | Event: Sent | MsgType: Request | To: ALL validators | Msg: {'req_id': '2_3', 'command': '2-3'}
Timestamp: 2021-11-03 19:12:18.563230 | ProcessId: client_2 | Event: Received | MsgType: Response | From: validator_1 | Msg: {'req_id': '2_0', 'resp_status': 'success'}
Timestamp: 2021-11-03 19:12:18.599641 | ProcessId: client_2 | Event: Received | MsgType: Response | From: validator_6 | Msg: {'req_id': '2_0', 'resp_status': 'success'}
Timestamp: 2021-11-03 19:12:18.600144 | ProcessId: client_2 | Event: Received | MsgType: Response | From: validator_3 | Msg: {'req_id': '2_0', 'resp_status': 'success'}
Timestamp: 2021-11-03 19:12:18.601210 | ProcessId: client_2 | Action: Received f + 1 valid responses | Object: 2_0 |
Timestamp: 2021-11-03 19:12:18.603581 | ProcessId: client_2 | Event: Received | MsgType: Response | From: validator_2 | Msg: {'req_id': '2_0', 'resp_status': 'success'}
Timestamp: 2021-11-03 19:12:18.606445 | ProcessId: client_2 | Event: Received | MsgType: Response | From: validator_5 | Msg: {'req_id': '2_0', 'resp_status': 'success'}
Timestamp: 2021-11-03 19:12:27.968666 | ProcessId: client_2 | Action: Retransmitting Request | Object: {'req_id': '2_1', 'command': '2-1'} |
Timestamp: 2021-11-03 19:12:27.975365 | ProcessId: client_2 | Event: Sent | MsgType: Request | To: ALL validators | Msg: {'req_id': '2_1', 'command': '2-1'}
Timestamp: 2021-11-03 19:12:27.979168 | ProcessId: client_2 | Action: Retransmitting Request | Object: {'req_id': '2_2', 'command': '2-2'} |
Timestamp: 2021-11-03 19:12:27.982557 | ProcessId: client_2 | Event: Sent | MsgType: Request | To: ALL validators | Msg: {'req_id': '2_2', 'command': '2-2'}
Timestamp: 2021-11-03 19:12:27.986913 | ProcessId: client_2 | Action: Retransmitting Request | Object: {'req_id': '2_3', 'command': '2-3'} |
Timestamp: 2021-11-03 19:12:27.991414 | ProcessId: client_2 | Event: Sent | MsgType: Request | To: ALL validators | Msg: {'req_id': '2_3', 'command': '2-3'}
Timestamp: 2021-11-03 19:12:34.582094 | ProcessId: client_2 | Event: Received | MsgType: Response | From: validator_0 | Msg: {'req_id': '2_0', 'resp_status': 'success'}
Timestamp: 2021-11-03 19:12:34.585090 | ProcessId: client_2 | Event: Received | MsgType: Response | From: validator_4 | Msg: {'req_id': '2_0', 'resp_status': 'success'}
Timestamp: 2021-11-03 19:12:34.740163 | ProcessId: client_2 | Event: Received | MsgType: Response | From: validator_3 | Msg: {'req_id': '2_1', 'resp_status': 'success'}
Timestamp: 2021-11-03 19:12:34.745540 | ProcessId: client_2 | Event: Received | MsgType: Response | From: validator_0 | Msg: {'req_id': '2_1', 'resp_status': 'success'}
Timestamp: 2021-11-03 19:12:34.746987 | ProcessId: client_2 | Event: Received | MsgType: Response | From: validator_2 | Msg: {'req_id': '2_1', 'resp_status': 'success'}
Timestamp: 2021-11-03 19:12:34.747617 | ProcessId: client_2 | Action: Received f + 1 valid responses | Object: 2_1 |
Timestamp: 2021-11-03 19:12:34.750134 | ProcessId: client_2 | Event: Received | MsgType: Response | From: validator_6 | Msg: {'req_id': '2_1', 'resp_status': 'success'}
Timestamp: 2021-11-03 19:12:34.750813 | ProcessId: client_2 | Event: Received | MsgType: Response | From: validator_1 | Msg: {'req_id': '2_1', 'resp_status': 'success'}
Timestamp: 2021-11-03 19:12:34.751095 | ProcessId: client_2 | Event: Received | MsgType: Response | From: validator_4 | Msg: {'req_id': '2_1', 'resp_status': 'success'}
Timestamp: 2021-11-03 19:12:34.751362 | ProcessId: client_2 | Event: Received | MsgType: Response | From: validator_5 | Msg: {'req_id': '2_1', 'resp_status': 'success'}
Timestamp: 2021-11-03 19:12:34.799231 | ProcessId: client_2 | Event: Received | MsgType: Response | From: validator_5 | Msg: {'req_id': '2_3', 'resp_status': 'success'}
Timestamp: 2021-11-03 19:12:34.813191 | ProcessId: client_2 | Event: Received | MsgType: Response | From: validator_0 | Msg: {'req_id': '2_3', 'resp_status': 'success'}
Timestamp: 2021-11-03 19:12:34.814218 | ProcessId: client_2 | Event: Received | MsgType: Response | From: validator_1 | Msg: {'req_id': '2_3', 'resp_status': 'success'}
Timestamp: 2021-11-03 19:12:34.815203 | ProcessId: client_2 | Action: Received f + 1 valid responses | Object: 2_3 |
Timestamp: 2021-11-03 19:12:34.819332 | ProcessId: client_2 | Event: Received | MsgType: Response | From: validator_2 | Msg: {'req_id': '2_3', 'resp_status': 'success'}
Timestamp: 2021-11-03 19:12:34.819592 | ProcessId: client_2 | Event: Received | MsgType: Response | From: validator_3 | Msg: {'req_id': '2_3', 'resp_status': 'success'}
Timestamp: 2021-11-03 19:12:34.819852 | ProcessId: client_2 | Event: Received | MsgType: Response | From: validator_6 | Msg: {'req_id': '2_3', 'resp_status': 'success'}
Timestamp: 2021-11-03 19:12:34.820119 | ProcessId: client_2 | Event: Received | MsgType: Response | From: validator_4 | Msg: {'req_id': '2_3', 'resp_status': 'success'}
Timestamp: 2021-11-03 19:12:34.906137 | ProcessId: client_2 | Event: Received | MsgType: Response | From: validator_0 | Msg: {'req_id': '2_2', 'resp_status': 'success'}
Timestamp: 2021-11-03 19:12:34.913989 | ProcessId: client_2 | Event: Received | MsgType: Response | From: validator_1 | Msg: {'req_id': '2_2', 'resp_status': 'success'}
Timestamp: 2021-11-03 19:12:34.915073 | ProcessId: client_2 | Event: Received | MsgType: Response | From: validator_2 | Msg: {'req_id': '2_2', 'resp_status': 'success'}
Timestamp: 2021-11-03 19:12:34.915646 | ProcessId: client_2 | Action: Received f + 1 valid responses | Object: 2_2 |
Timestamp: 2021-11-03 19:12:34.916069 | ProcessId: client_2 | Event: Sent | MsgType: Done | To: parent_process | Msg: None
