Timestamp: 2021-11-03 19:12:18.293096 | ProcessId: client_2 | Action: Initial configuration | Object: {'nvalidators': 4, 'nfaulty': 1, 'nclients': 3, 'nclientops': 5, 'sleeptime': 1, 'clienttimeout': 10, 'delta': 4, 'window_size': 5, 'exclude_size': 1, 'failure_config': FailureConfig(failures=[Failure(src='_', dest=3, msg_type=<MsgType.Proposal: 1>, round=4, prob=1, fail_type=<FailType.MsgLoss: 1>, val=None, attr=None), Failure(src='_', dest=3, msg_type=<MsgType.Proposal: 1>, round=5, prob=1, fail_type=<FailType.MsgLoss: 1>, val=None, attr=None)], seed=637713655)} |
Timestamp: 2021-11-03 19:12:18.321475 | ProcessId: client_2 | Event: Sent | MsgType: Request | To: ALL validators | Msg: {'req_id': '2_0', 'command': '2-0'}
Timestamp: 2021-11-03 19:12:18.333307 | ProcessId: client_2 | Event: Sent | MsgType: Request | To: ALL validators | Msg: {'req_id': '2_1', 'command': '2-1'}
Timestamp: 2021-11-03 19:12:18.336842 | ProcessId: client_2 | Event: Sent | MsgType: Request | To: ALL validators | Msg: {'req_id': '2_2', 'command': '2-2'}
Timestamp: 2021-11-03 19:12:18.348932 | ProcessId: client_2 | Event: Sent | MsgType: Request | To: ALL validators | Msg: {'req_id': '2_3', 'command': '2-3'}
Timestamp: 2021-11-03 19:12:18.355991 | ProcessId: client_2 | Event: Sent | MsgType: Request | To: ALL validators | Msg: {'req_id': '2_4', 'command': '2-4'}
Timestamp: 2021-11-03 19:12:18.579185 | ProcessId: client_2 | Event: Received | MsgType: Response | From: validator_1 | Msg: {'req_id': '2_0', 'resp_status': 'success'}
Timestamp: 2021-11-03 19:12:18.592672 | ProcessId: client_2 | Event: Received | MsgType: Response | From: validator_2 | Msg: {'req_id': '2_0', 'resp_status': 'success'}
Timestamp: 2021-11-03 19:12:18.592917 | ProcessId: client_2 | Action: Received f + 1 valid responses | Object: 2_0 |
Timestamp: 2021-11-03 19:12:18.598434 | ProcessId: client_2 | Event: Received | MsgType: Response | From: validator_0 | Msg: {'req_id': '2_0', 'resp_status': 'success'}
Timestamp: 2021-11-03 19:12:28.338205 | ProcessId: client_2 | Action: Retransmitting Request | Object: {'req_id': '2_1', 'command': '2-1'} |
Timestamp: 2021-11-03 19:12:28.343182 | ProcessId: client_2 | Event: Sent | MsgType: Request | To: ALL validators | Msg: {'req_id': '2_1', 'command': '2-1'}
Timestamp: 2021-11-03 19:12:28.352728 | ProcessId: client_2 | Action: Retransmitting Request | Object: {'req_id': '2_2', 'command': '2-2'} |
Timestamp: 2021-11-03 19:12:28.355600 | ProcessId: client_2 | Event: Sent | MsgType: Request | To: ALL validators | Msg: {'req_id': '2_2', 'command': '2-2'}
Timestamp: 2021-11-03 19:12:28.357476 | ProcessId: client_2 | Action: Retransmitting Request | Object: {'req_id': '2_3', 'command': '2-3'} |
Timestamp: 2021-11-03 19:12:28.359143 | ProcessId: client_2 | Event: Sent | MsgType: Request | To: ALL validators | Msg: {'req_id': '2_3', 'command': '2-3'}
Timestamp: 2021-11-03 19:12:28.373224 | ProcessId: client_2 | Action: Retransmitting Request | Object: {'req_id': '2_4', 'command': '2-4'} |
Timestamp: 2021-11-03 19:12:28.375180 | ProcessId: client_2 | Event: Sent | MsgType: Request | To: ALL validators | Msg: {'req_id': '2_4', 'command': '2-4'}
Timestamp: 2021-11-03 19:12:34.715411 | ProcessId: client_2 | Event: Received | MsgType: Response | From: validator_0 | Msg: {'req_id': '2_1', 'resp_status': 'success'}
Timestamp: 2021-11-03 19:12:34.716452 | ProcessId: client_2 | Event: Received | MsgType: Response | From: validator_1 | Msg: {'req_id': '2_1', 'resp_status': 'success'}
Timestamp: 2021-11-03 19:12:34.716692 | ProcessId: client_2 | Action: Received f + 1 valid responses | Object: 2_1 |
Timestamp: 2021-11-03 19:12:34.719885 | ProcessId: client_2 | Event: Received | MsgType: Response | From: validator_2 | Msg: {'req_id': '2_1', 'resp_status': 'success'}
Timestamp: 2021-11-03 19:12:38.361325 | ProcessId: client_2 | Action: Retransmitting Request | Object: {'req_id': '2_2', 'command': '2-2'} |
Timestamp: 2021-11-03 19:12:38.361746 | ProcessId: client_2 | Action: Retransmitting Request | Object: {'req_id': '2_3', 'command': '2-3'} |
Timestamp: 2021-11-03 19:12:38.364322 | ProcessId: client_2 | Event: Sent | MsgType: Request | To: ALL validators | Msg: {'req_id': '2_2', 'command': '2-2'}
Timestamp: 2021-11-03 19:12:38.364752 | ProcessId: client_2 | Event: Sent | MsgType: Request | To: ALL validators | Msg: {'req_id': '2_3', 'command': '2-3'}
Timestamp: 2021-11-03 19:12:38.380554 | ProcessId: client_2 | Action: Retransmitting Request | Object: {'req_id': '2_4', 'command': '2-4'} |
Timestamp: 2021-11-03 19:12:38.381414 | ProcessId: client_2 | Event: Sent | MsgType: Request | To: ALL validators | Msg: {'req_id': '2_4', 'command': '2-4'}
Timestamp: 2021-11-03 19:12:48.369266 | ProcessId: client_2 | Action: Retransmitting Request | Object: {'req_id': '2_3', 'command': '2-3'} |
Timestamp: 2021-11-03 19:12:48.371367 | ProcessId: client_2 | Event: Sent | MsgType: Request | To: ALL validators | Msg: {'req_id': '2_3', 'command': '2-3'}
Timestamp: 2021-11-03 19:12:48.372088 | ProcessId: client_2 | Action: Retransmitting Request | Object: {'req_id': '2_2', 'command': '2-2'} |
Timestamp: 2021-11-03 19:12:48.373310 | ProcessId: client_2 | Event: Sent | MsgType: Request | To: ALL validators | Msg: {'req_id': '2_2', 'command': '2-2'}
Timestamp: 2021-11-03 19:12:48.386600 | ProcessId: client_2 | Action: Retransmitting Request | Object: {'req_id': '2_4', 'command': '2-4'} |
Timestamp: 2021-11-03 19:12:48.387737 | ProcessId: client_2 | Event: Sent | MsgType: Request | To: ALL validators | Msg: {'req_id': '2_4', 'command': '2-4'}
Timestamp: 2021-11-03 19:12:58.378430 | ProcessId: client_2 | Action: Retransmitting Request | Object: {'req_id': '2_2', 'command': '2-2'} |
Timestamp: 2021-11-03 19:12:58.379676 | ProcessId: client_2 | Action: Retransmitting Request | Object: {'req_id': '2_3', 'command': '2-3'} |
Timestamp: 2021-11-03 19:12:58.385803 | ProcessId: client_2 | Event: Sent | MsgType: Request | To: ALL validators | Msg: {'req_id': '2_2', 'command': '2-2'}
Timestamp: 2021-11-03 19:12:58.390138 | ProcessId: client_2 | Event: Sent | MsgType: Request | To: ALL validators | Msg: {'req_id': '2_3', 'command': '2-3'}
Timestamp: 2021-11-03 19:12:58.397576 | ProcessId: client_2 | Action: Retransmitting Request | Object: {'req_id': '2_4', 'command': '2-4'} |
Timestamp: 2021-11-03 19:12:58.400563 | ProcessId: client_2 | Event: Sent | MsgType: Request | To: ALL validators | Msg: {'req_id': '2_4', 'command': '2-4'}
Timestamp: 2021-11-03 19:13:06.818170 | ProcessId: client_2 | Event: Received | MsgType: Response | From: validator_3 | Msg: {'req_id': '2_2', 'resp_status': 'success'}
Timestamp: 2021-11-03 19:13:08.396215 | ProcessId: client_2 | Action: Retransmitting Request | Object: {'req_id': '2_3', 'command': '2-3'} |
Timestamp: 2021-11-03 19:13:08.397016 | ProcessId: client_2 | Action: Retransmitting Request | Object: {'req_id': '2_2', 'command': '2-2'} |
Timestamp: 2021-11-03 19:13:08.399678 | ProcessId: client_2 | Event: Sent | MsgType: Request | To: ALL validators | Msg: {'req_id': '2_3', 'command': '2-3'}
Timestamp: 2021-11-03 19:13:08.402462 | ProcessId: client_2 | Event: Sent | MsgType: Request | To: ALL validators | Msg: {'req_id': '2_2', 'command': '2-2'}
Timestamp: 2021-11-03 19:13:08.408243 | ProcessId: client_2 | Event: Received | MsgType: Response | From: validator_3 | Msg: {'req_id': '2_2', 'resp_status': 'success'}
Timestamp: 2021-11-03 19:13:08.409435 | ProcessId: client_2 | Action: Retransmitting Request | Object: {'req_id': '2_4', 'command': '2-4'} |
Timestamp: 2021-11-03 19:13:08.411525 | ProcessId: client_2 | Event: Sent | MsgType: Request | To: ALL validators | Msg: {'req_id': '2_4', 'command': '2-4'}
Timestamp: 2021-11-03 19:13:18.406254 | ProcessId: client_2 | Action: Retransmitting Request | Object: {'req_id': '2_3', 'command': '2-3'} |
Timestamp: 2021-11-03 19:13:18.408670 | ProcessId: client_2 | Action: Retransmitting Request | Object: {'req_id': '2_2', 'command': '2-2'} |
Timestamp: 2021-11-03 19:13:18.420871 | ProcessId: client_2 | Event: Sent | MsgType: Request | To: ALL validators | Msg: {'req_id': '2_2', 'command': '2-2'}
Timestamp: 2021-11-03 19:13:18.423115 | ProcessId: client_2 | Event: Sent | MsgType: Request | To: ALL validators | Msg: {'req_id': '2_3', 'command': '2-3'}
Timestamp: 2021-11-03 19:13:18.424950 | ProcessId: client_2 | Action: Retransmitting Request | Object: {'req_id': '2_4', 'command': '2-4'} |
Timestamp: 2021-11-03 19:13:18.428656 | ProcessId: client_2 | Event: Sent | MsgType: Request | To: ALL validators | Msg: {'req_id': '2_4', 'command': '2-4'}
Timestamp: 2021-11-03 19:13:18.455934 | ProcessId: client_2 | Event: Received | MsgType: Response | From: validator_3 | Msg: {'req_id': '2_2', 'resp_status': 'success'}
Timestamp: 2021-11-03 19:13:22.860352 | ProcessId: client_2 | Event: Received | MsgType: Response | From: validator_0 | Msg: {'req_id': '2_2', 'resp_status': 'success'}
Timestamp: 2021-11-03 19:13:22.861925 | ProcessId: client_2 | Action: Received f + 1 valid responses | Object: 2_2 |
Timestamp: 2021-11-03 19:13:22.865010 | ProcessId: client_2 | Event: Received | MsgType: Response | From: validator_2 | Msg: {'req_id': '2_2', 'resp_status': 'success'}
Timestamp: 2021-11-03 19:13:22.868532 | ProcessId: client_2 | Event: Received | MsgType: Response | From: validator_1 | Msg: {'req_id': '2_2', 'resp_status': 'success'}
Timestamp: 2021-11-03 19:13:28.443126 | ProcessId: client_2 | Action: Retransmitting Request | Object: {'req_id': '2_3', 'command': '2-3'} |
Timestamp: 2021-11-03 19:13:28.444980 | ProcessId: client_2 | Action: Retransmitting Request | Object: {'req_id': '2_4', 'command': '2-4'} |
Timestamp: 2021-11-03 19:13:28.449043 | ProcessId: client_2 | Event: Sent | MsgType: Request | To: ALL validators | Msg: {'req_id': '2_4', 'command': '2-4'}
Timestamp: 2021-11-03 19:13:28.454191 | ProcessId: client_2 | Event: Sent | MsgType: Request | To: ALL validators | Msg: {'req_id': '2_3', 'command': '2-3'}
Timestamp: 2021-11-03 19:13:38.460962 | ProcessId: client_2 | Action: Retransmitting Request | Object: {'req_id': '2_4', 'command': '2-4'} |
Timestamp: 2021-11-03 19:13:38.468080 | ProcessId: client_2 | Event: Sent | MsgType: Request | To: ALL validators | Msg: {'req_id': '2_4', 'command': '2-4'}
Timestamp: 2021-11-03 19:13:38.469870 | ProcessId: client_2 | Action: Retransmitting Request | Object: {'req_id': '2_3', 'command': '2-3'} |
Timestamp: 2021-11-03 19:13:38.473314 | ProcessId: client_2 | Event: Sent | MsgType: Request | To: ALL validators | Msg: {'req_id': '2_3', 'command': '2-3'}
Timestamp: 2021-11-03 19:13:48.478393 | ProcessId: client_2 | Action: Retransmitting Request | Object: {'req_id': '2_3', 'command': '2-3'} |
Timestamp: 2021-11-03 19:13:48.481144 | ProcessId: client_2 | Action: Retransmitting Request | Object: {'req_id': '2_4', 'command': '2-4'} |
Timestamp: 2021-11-03 19:13:48.487636 | ProcessId: client_2 | Event: Sent | MsgType: Request | To: ALL validators | Msg: {'req_id': '2_4', 'command': '2-4'}
Timestamp: 2021-11-03 19:13:48.491240 | ProcessId: client_2 | Event: Sent | MsgType: Request | To: ALL validators | Msg: {'req_id': '2_3', 'command': '2-3'}
Timestamp: 2021-11-03 19:13:55.037266 | ProcessId: client_2 | Event: Received | MsgType: Response | From: validator_0 | Msg: {'req_id': '2_1', 'resp_status': 'success'}
Timestamp: 2021-11-03 19:13:55.046347 | ProcessId: client_2 | Event: Received | MsgType: Response | From: validator_2 | Msg: {'req_id': '2_1', 'resp_status': 'success'}
Timestamp: 2021-11-03 19:13:55.046609 | ProcessId: client_2 | Event: Received | MsgType: Response | From: validator_1 | Msg: {'req_id': '2_1', 'resp_status': 'success'}
Timestamp: 2021-11-03 19:13:55.046873 | ProcessId: client_2 | Event: Received | MsgType: Response | From: validator_3 | Msg: {'req_id': '2_1', 'resp_status': 'success'}
Timestamp: 2021-11-03 19:13:55.052676 | ProcessId: client_2 | Event: Received | MsgType: Response | From: validator_1 | Msg: {'req_id': '2_3', 'resp_status': 'success'}
Timestamp: 2021-11-03 19:13:55.057083 | ProcessId: client_2 | Event: Received | MsgType: Response | From: validator_0 | Msg: {'req_id': '2_3', 'resp_status': 'success'}
Timestamp: 2021-11-03 19:13:55.057310 | ProcessId: client_2 | Action: Received f + 1 valid responses | Object: 2_3 |
Timestamp: 2021-11-03 19:13:55.058103 | ProcessId: client_2 | Event: Received | MsgType: Response | From: validator_2 | Msg: {'req_id': '2_3', 'resp_status': 'success'}
Timestamp: 2021-11-03 19:13:55.058341 | ProcessId: client_2 | Event: Received | MsgType: Response | From: validator_3 | Msg: {'req_id': '2_3', 'resp_status': 'success'}
Timestamp: 2021-11-03 19:13:55.077847 | ProcessId: client_2 | Event: Received | MsgType: Response | From: validator_1 | Msg: {'req_id': '2_4', 'resp_status': 'success'}
Timestamp: 2021-11-03 19:13:55.082459 | ProcessId: client_2 | Event: Received | MsgType: Response | From: validator_2 | Msg: {'req_id': '2_4', 'resp_status': 'success'}
Timestamp: 2021-11-03 19:13:55.083323 | ProcessId: client_2 | Action: Received f + 1 valid responses | Object: 2_4 |
Timestamp: 2021-11-03 19:13:55.084148 | ProcessId: client_2 | Event: Sent | MsgType: Done | To: parent_process | Msg: None
