Timestamp: 2021-11-03 19:12:18.207559 | ProcessId: client_0 | Action: Initial configuration | Object: {'nvalidators': 4, 'nfaulty': 1, 'nclients': 3, 'nclientops': 5, 'sleeptime': 1, 'clienttimeout': 10, 'delta': 4, 'window_size': 5, 'exclude_size': 1, 'failure_config': FailureConfig(failures=[Failure(src='_', dest=3, msg_type=<MsgType.Proposal: 1>, round=4, prob=1, fail_type=<FailType.MsgLoss: 1>, val=None, attr=None), Failure(src='_', dest=3, msg_type=<MsgType.Proposal: 1>, round=5, prob=1, fail_type=<FailType.MsgLoss: 1>, val=None, attr=None)], seed=637713655)} |
Timestamp: 2021-11-03 19:12:18.320410 | ProcessId: client_0 | Event: Sent | MsgType: Request | To: ALL validators | Msg: {'req_id': '0_0', 'command': '0-0'}
Timestamp: 2021-11-03 19:12:18.329284 | ProcessId: client_0 | Event: Sent | MsgType: Request | To: ALL validators | Msg: {'req_id': '0_1', 'command': '0-1'}
Timestamp: 2021-11-03 19:12:18.336173 | ProcessId: client_0 | Event: Sent | MsgType: Request | To: ALL validators | Msg: {'req_id': '0_2', 'command': '0-2'}
Timestamp: 2021-11-03 19:12:18.347391 | ProcessId: client_0 | Event: Sent | MsgType: Request | To: ALL validators | Msg: {'req_id': '0_3', 'command': '0-3'}
Timestamp: 2021-11-03 19:12:18.356202 | ProcessId: client_0 | Event: Sent | MsgType: Request | To: ALL validators | Msg: {'req_id': '0_4', 'command': '0-4'}
Timestamp: 2021-11-03 19:12:18.542227 | ProcessId: client_0 | Event: Received | MsgType: Response | From: validator_1 | Msg: {'req_id': '0_0', 'resp_status': 'success'}
Timestamp: 2021-11-03 19:12:18.553947 | ProcessId: client_0 | Event: Received | MsgType: Response | From: validator_0 | Msg: {'req_id': '0_0', 'resp_status': 'success'}
Timestamp: 2021-11-03 19:12:18.560268 | ProcessId: client_0 | Action: Received f + 1 valid responses | Object: 0_0 |
Timestamp: 2021-11-03 19:12:18.563039 | ProcessId: client_0 | Event: Received | MsgType: Response | From: validator_3 | Msg: {'req_id': '0_0', 'resp_status': 'success'}
Timestamp: 2021-11-03 19:12:18.567450 | ProcessId: client_0 | Event: Received | MsgType: Response | From: validator_2 | Msg: {'req_id': '0_0', 'resp_status': 'success'}
Timestamp: 2021-11-03 19:12:18.669751 | ProcessId: client_0 | Event: Received | MsgType: Response | From: validator_0 | Msg: {'req_id': '0_1', 'resp_status': 'success'}
Timestamp: 2021-11-03 19:12:18.679068 | ProcessId: client_0 | Event: Received | MsgType: Response | From: validator_2 | Msg: {'req_id': '0_1', 'resp_status': 'success'}
Timestamp: 2021-11-03 19:12:18.679814 | ProcessId: client_0 | Action: Received f + 1 valid responses | Object: 0_1 |
Timestamp: 2021-11-03 19:12:18.698677 | ProcessId: client_0 | Event: Received | MsgType: Response | From: validator_1 | Msg: {'req_id': '0_1', 'resp_status': 'success'}
Timestamp: 2021-11-03 19:12:28.354715 | ProcessId: client_0 | Action: Retransmitting Request | Object: {'req_id': '0_2', 'command': '0-2'} |
Timestamp: 2021-11-03 19:12:28.358523 | ProcessId: client_0 | Event: Sent | MsgType: Request | To: ALL validators | Msg: {'req_id': '0_2', 'command': '0-2'}
Timestamp: 2021-11-03 19:12:28.359718 | ProcessId: client_0 | Action: Retransmitting Request | Object: {'req_id': '0_3', 'command': '0-3'} |
Timestamp: 2021-11-03 19:12:28.361291 | ProcessId: client_0 | Event: Sent | MsgType: Request | To: ALL validators | Msg: {'req_id': '0_3', 'command': '0-3'}
Timestamp: 2021-11-03 19:12:28.370789 | ProcessId: client_0 | Action: Retransmitting Request | Object: {'req_id': '0_4', 'command': '0-4'} |
Timestamp: 2021-11-03 19:12:28.372020 | ProcessId: client_0 | Event: Sent | MsgType: Request | To: ALL validators | Msg: {'req_id': '0_4', 'command': '0-4'}
Timestamp: 2021-11-03 19:12:38.363592 | ProcessId: client_0 | Action: Retransmitting Request | Object: {'req_id': '0_3', 'command': '0-3'} |
Timestamp: 2021-11-03 19:12:38.364336 | ProcessId: client_0 | Action: Retransmitting Request | Object: {'req_id': '0_2', 'command': '0-2'} |
Timestamp: 2021-11-03 19:12:38.367800 | ProcessId: client_0 | Event: Sent | MsgType: Request | To: ALL validators | Msg: {'req_id': '0_3', 'command': '0-3'}
Timestamp: 2021-11-03 19:12:38.368317 | ProcessId: client_0 | Event: Sent | MsgType: Request | To: ALL validators | Msg: {'req_id': '0_2', 'command': '0-2'}
Timestamp: 2021-11-03 19:12:38.375462 | ProcessId: client_0 | Action: Retransmitting Request | Object: {'req_id': '0_4', 'command': '0-4'} |
Timestamp: 2021-11-03 19:12:38.376315 | ProcessId: client_0 | Event: Sent | MsgType: Request | To: ALL validators | Msg: {'req_id': '0_4', 'command': '0-4'}
Timestamp: 2021-11-03 19:12:48.374429 | ProcessId: client_0 | Action: Retransmitting Request | Object: {'req_id': '0_3', 'command': '0-3'} |
Timestamp: 2021-11-03 19:12:48.374756 | ProcessId: client_0 | Action: Retransmitting Request | Object: {'req_id': '0_2', 'command': '0-2'} |
Timestamp: 2021-11-03 19:12:48.376575 | ProcessId: client_0 | Event: Sent | MsgType: Request | To: ALL validators | Msg: {'req_id': '0_3', 'command': '0-3'}
Timestamp: 2021-11-03 19:12:48.376990 | ProcessId: client_0 | Event: Sent | MsgType: Request | To: ALL validators | Msg: {'req_id': '0_2', 'command': '0-2'}
Timestamp: 2021-11-03 19:12:48.377830 | ProcessId: client_0 | Action: Retransmitting Request | Object: {'req_id': '0_4', 'command': '0-4'} |
Timestamp: 2021-11-03 19:12:48.379159 | ProcessId: client_0 | Event: Sent | MsgType: Request | To: ALL validators | Msg: {'req_id': '0_4', 'command': '0-4'}
Timestamp: 2021-11-03 19:12:58.384439 | ProcessId: client_0 | Action: Retransmitting Request | Object: {'req_id': '0_3', 'command': '0-3'} |
Timestamp: 2021-11-03 19:12:58.401835 | ProcessId: client_0 | Action: Retransmitting Request | Object: {'req_id': '0_4', 'command': '0-4'} |
Timestamp: 2021-11-03 19:12:58.404956 | ProcessId: client_0 | Event: Sent | MsgType: Request | To: ALL validators | Msg: {'req_id': '0_4', 'command': '0-4'}
Timestamp: 2021-11-03 19:12:58.407714 | ProcessId: client_0 | Action: Retransmitting Request | Object: {'req_id': '0_2', 'command': '0-2'} |
Timestamp: 2021-11-03 19:12:58.408759 | ProcessId: client_0 | Event: Sent | MsgType: Request | To: ALL validators | Msg: {'req_id': '0_2', 'command': '0-2'}
Timestamp: 2021-11-03 19:12:58.409262 | ProcessId: client_0 | Event: Sent | MsgType: Request | To: ALL validators | Msg: {'req_id': '0_3', 'command': '0-3'}
Timestamp: 2021-11-03 19:13:06.804009 | ProcessId: client_0 | Event: Received | MsgType: Response | From: validator_1 | Msg: {'req_id': '0_2', 'resp_status': 'success'}
Timestamp: 2021-11-03 19:13:06.810003 | ProcessId: client_0 | Event: Received | MsgType: Response | From: validator_3 | Msg: {'req_id': '0_2', 'resp_status': 'success'}
Timestamp: 2021-11-03 19:13:06.810235 | ProcessId: client_0 | Action: Received f + 1 valid responses | Object: 0_2 |
Timestamp: 2021-11-03 19:13:06.810497 | ProcessId: client_0 | Event: Received | MsgType: Response | From: validator_0 | Msg: {'req_id': '0_2', 'resp_status': 'success'}
Timestamp: 2021-11-03 19:13:06.810908 | ProcessId: client_0 | Event: Received | MsgType: Response | From: validator_2 | Msg: {'req_id': '0_2', 'resp_status': 'success'}
Timestamp: 2021-11-03 19:13:08.415089 | ProcessId: client_0 | Action: Retransmitting Request | Object: {'req_id': '0_4', 'command': '0-4'} |
Timestamp: 2021-11-03 19:13:08.419806 | ProcessId: client_0 | Action: Retransmitting Request | Object: {'req_id': '0_3', 'command': '0-3'} |
Timestamp: 2021-11-03 19:13:08.421839 | ProcessId: client_0 | Event: Sent | MsgType: Request | To: ALL validators | Msg: {'req_id': '0_3', 'command': '0-3'}
Timestamp: 2021-11-03 19:13:08.422846 | ProcessId: client_0 | Event: Sent | MsgType: Request | To: ALL validators | Msg: {'req_id': '0_4', 'command': '0-4'}
Timestamp: 2021-11-03 19:13:18.436958 | ProcessId: client_0 | Action: Retransmitting Request | Object: {'req_id': '0_3', 'command': '0-3'} |
Timestamp: 2021-11-03 19:13:18.447855 | ProcessId: client_0 | Event: Sent | MsgType: Request | To: ALL validators | Msg: {'req_id': '0_3', 'command': '0-3'}
Timestamp: 2021-11-03 19:13:18.450479 | ProcessId: client_0 | Action: Retransmitting Request | Object: {'req_id': '0_4', 'command': '0-4'} |
Timestamp: 2021-11-03 19:13:18.453244 | ProcessId: client_0 | Event: Sent | MsgType: Request | To: ALL validators | Msg: {'req_id': '0_4', 'command': '0-4'}
Timestamp: 2021-11-03 19:13:28.457160 | ProcessId: client_0 | Action: Retransmitting Request | Object: {'req_id': '0_3', 'command': '0-3'} |
Timestamp: 2021-11-03 19:13:28.461174 | ProcessId: client_0 | Event: Sent | MsgType: Request | To: ALL validators | Msg: {'req_id': '0_3', 'command': '0-3'}
Timestamp: 2021-11-03 19:13:28.462762 | ProcessId: client_0 | Action: Retransmitting Request | Object: {'req_id': '0_4', 'command': '0-4'} |
Timestamp: 2021-11-03 19:13:28.465895 | ProcessId: client_0 | Event: Sent | MsgType: Request | To: ALL validators | Msg: {'req_id': '0_4', 'command': '0-4'}
Timestamp: 2021-11-03 19:13:38.472146 | ProcessId: client_0 | Action: Retransmitting Request | Object: {'req_id': '0_4', 'command': '0-4'} |
Timestamp: 2021-11-03 19:13:38.473634 | ProcessId: client_0 | Action: Retransmitting Request | Object: {'req_id': '0_3', 'command': '0-3'} |
Timestamp: 2021-11-03 19:13:38.477423 | ProcessId: client_0 | Event: Sent | MsgType: Request | To: ALL validators | Msg: {'req_id': '0_3', 'command': '0-3'}
Timestamp: 2021-11-03 19:13:38.482927 | ProcessId: client_0 | Event: Sent | MsgType: Request | To: ALL validators | Msg: {'req_id': '0_4', 'command': '0-4'}
Timestamp: 2021-11-03 19:13:48.489488 | ProcessId: client_0 | Action: Retransmitting Request | Object: {'req_id': '0_4', 'command': '0-4'} |
Timestamp: 2021-11-03 19:13:48.491184 | ProcessId: client_0 | Action: Retransmitting Request | Object: {'req_id': '0_3', 'command': '0-3'} |
Timestamp: 2021-11-03 19:13:48.496483 | ProcessId: client_0 | Event: Sent | MsgType: Request | To: ALL validators | Msg: {'req_id': '0_4', 'command': '0-4'}
Timestamp: 2021-11-03 19:13:48.498869 | ProcessId: client_0 | Event: Sent | MsgType: Request | To: ALL validators | Msg: {'req_id': '0_3', 'command': '0-3'}
Timestamp: 2021-11-03 19:13:55.037156 | ProcessId: client_0 | Event: Received | MsgType: Response | From: validator_0 | Msg: {'req_id': '0_3', 'resp_status': 'success'}
Timestamp: 2021-11-03 19:13:55.045385 | ProcessId: client_0 | Event: Received | MsgType: Response | From: validator_2 | Msg: {'req_id': '0_3', 'resp_status': 'success'}
Timestamp: 2021-11-03 19:13:55.045613 | ProcessId: client_0 | Action: Received f + 1 valid responses | Object: 0_3 |
Timestamp: 2021-11-03 19:13:55.045843 | ProcessId: client_0 | Event: Received | MsgType: Response | From: validator_1 | Msg: {'req_id': '0_3', 'resp_status': 'success'}
Timestamp: 2021-11-03 19:13:55.046071 | ProcessId: client_0 | Event: Received | MsgType: Response | From: validator_3 | Msg: {'req_id': '0_3', 'resp_status': 'success'}
Timestamp: 2021-11-03 19:13:55.065666 | ProcessId: client_0 | Event: Received | MsgType: Response | From: validator_2 | Msg: {'req_id': '0_4', 'resp_status': 'success'}
Timestamp: 2021-11-03 19:13:55.069812 | ProcessId: client_0 | Event: Received | MsgType: Response | From: validator_0 | Msg: {'req_id': '0_4', 'resp_status': 'success'}
Timestamp: 2021-11-03 19:13:55.070076 | ProcessId: client_0 | Action: Received f + 1 valid responses | Object: 0_4 |
Timestamp: 2021-11-03 19:13:55.070455 | ProcessId: client_0 | Event: Sent | MsgType: Done | To: parent_process | Msg: None
