Timestamp: 2021-11-03 19:12:17.172924 | ProcessId: client_1 | Action: Initial configuration | Object: {'nvalidators': 4, 'nfaulty': 1, 'nclients': 3, 'nclientops': 6, 'sleeptime': 1, 'clienttimeout': 10, 'delta': 5, 'window_size': 5, 'exclude_size': 1, 'failure_config': FailureConfig(failures=[Failure(src=2, dest='_', msg_type=<MsgType.Vote: 4>, round=5, prob=1, fail_type=<FailType.Delay: 2>, val=25, attr=None), Failure(src=1, dest='_', msg_type=<MsgType.Vote: 4>, round=5, prob=1, fail_type=<FailType.Delay: 2>, val=25, attr=None)], seed=637713655)} |
Timestamp: 2021-11-03 19:12:17.228473 | ProcessId: client_1 | Event: Sent | MsgType: Request | To: ALL validators | Msg: {'req_id': '1_0', 'command': '1-0'}
Timestamp: 2021-11-03 19:12:17.236101 | ProcessId: client_1 | Event: Sent | MsgType: Request | To: ALL validators | Msg: {'req_id': '1_1', 'command': '1-1'}
Timestamp: 2021-11-03 19:12:17.249140 | ProcessId: client_1 | Event: Sent | MsgType: Request | To: ALL validators | Msg: {'req_id': '1_2', 'command': '1-2'}
Timestamp: 2021-11-03 19:12:17.261534 | ProcessId: client_1 | Event: Sent | MsgType: Request | To: ALL validators | Msg: {'req_id': '1_3', 'command': '1-3'}
Timestamp: 2021-11-03 19:12:17.280415 | ProcessId: client_1 | Event: Sent | MsgType: Request | To: ALL validators | Msg: {'req_id': '1_4', 'command': '1-4'}
Timestamp: 2021-11-03 19:12:17.282765 | ProcessId: client_1 | Event: Sent | MsgType: Request | To: ALL validators | Msg: {'req_id': '1_5', 'command': '1-5'}
Timestamp: 2021-11-03 19:12:17.788186 | ProcessId: client_1 | Event: Received | MsgType: Response | From: validator_0 | Msg: {'req_id': '1_0', 'resp_status': 'success'}
Timestamp: 2021-11-03 19:12:17.798661 | ProcessId: client_1 | Event: Received | MsgType: Response | From: validator_2 | Msg: {'req_id': '1_0', 'resp_status': 'success'}
Timestamp: 2021-11-03 19:12:17.799575 | ProcessId: client_1 | Action: Received f + 1 valid responses | Object: 1_0 |
Timestamp: 2021-11-03 19:12:17.808970 | ProcessId: client_1 | Event: Received | MsgType: Response | From: validator_1 | Msg: {'req_id': '1_0', 'resp_status': 'success'}
Timestamp: 2021-11-03 19:12:17.809321 | ProcessId: client_1 | Event: Received | MsgType: Response | From: validator_3 | Msg: {'req_id': '1_0', 'resp_status': 'success'}
Timestamp: 2021-11-03 19:12:27.260897 | ProcessId: client_1 | Action: Retransmitting Request | Object: {'req_id': '1_2', 'command': '1-2'} |
Timestamp: 2021-11-03 19:12:27.272966 | ProcessId: client_1 | Action: Retransmitting Request | Object: {'req_id': '1_1', 'command': '1-1'} |
Timestamp: 2021-11-03 19:12:27.308788 | ProcessId: client_1 | Action: Retransmitting Request | Object: {'req_id': '1_3', 'command': '1-3'} |
Timestamp: 2021-11-03 19:12:27.349895 | ProcessId: client_1 | Event: Sent | MsgType: Request | To: ALL validators | Msg: {'req_id': '1_3', 'command': '1-3'}
Timestamp: 2021-11-03 19:12:27.355651 | ProcessId: client_1 | Action: Retransmitting Request | Object: {'req_id': '1_4', 'command': '1-4'} |
Timestamp: 2021-11-03 19:12:27.357441 | ProcessId: client_1 | Event: Sent | MsgType: Request | To: ALL validators | Msg: {'req_id': '1_4', 'command': '1-4'}
Timestamp: 2021-11-03 19:12:27.368656 | ProcessId: client_1 | Action: Retransmitting Request | Object: {'req_id': '1_5', 'command': '1-5'} |
Timestamp: 2021-11-03 19:12:27.378078 | ProcessId: client_1 | Event: Sent | MsgType: Request | To: ALL validators | Msg: {'req_id': '1_1', 'command': '1-1'}
Timestamp: 2021-11-03 19:12:27.379547 | ProcessId: client_1 | Event: Sent | MsgType: Request | To: ALL validators | Msg: {'req_id': '1_2', 'command': '1-2'}
Timestamp: 2021-11-03 19:12:27.383746 | ProcessId: client_1 | Event: Sent | MsgType: Request | To: ALL validators | Msg: {'req_id': '1_5', 'command': '1-5'}
Timestamp: 2021-11-03 19:12:37.359209 | ProcessId: client_1 | Action: Retransmitting Request | Object: {'req_id': '1_3', 'command': '1-3'} |
Timestamp: 2021-11-03 19:12:37.362006 | ProcessId: client_1 | Event: Sent | MsgType: Request | To: ALL validators | Msg: {'req_id': '1_3', 'command': '1-3'}
Timestamp: 2021-11-03 19:12:37.380883 | ProcessId: client_1 | Action: Retransmitting Request | Object: {'req_id': '1_4', 'command': '1-4'} |
Timestamp: 2021-11-03 19:12:37.384396 | ProcessId: client_1 | Event: Sent | MsgType: Request | To: ALL validators | Msg: {'req_id': '1_4', 'command': '1-4'}
Timestamp: 2021-11-03 19:12:37.385718 | ProcessId: client_1 | Action: Retransmitting Request | Object: {'req_id': '1_1', 'command': '1-1'} |
Timestamp: 2021-11-03 19:12:37.386192 | ProcessId: client_1 | Action: Retransmitting Request | Object: {'req_id': '1_2', 'command': '1-2'} |
Timestamp: 2021-11-03 19:12:37.388127 | ProcessId: client_1 | Event: Sent | MsgType: Request | To: ALL validators | Msg: {'req_id': '1_1', 'command': '1-1'}
Timestamp: 2021-11-03 19:12:37.388678 | ProcessId: client_1 | Event: Sent | MsgType: Request | To: ALL validators | Msg: {'req_id': '1_2', 'command': '1-2'}
Timestamp: 2021-11-03 19:12:37.389555 | ProcessId: client_1 | Action: Retransmitting Request | Object: {'req_id': '1_5', 'command': '1-5'} |
Timestamp: 2021-11-03 19:12:37.390671 | ProcessId: client_1 | Event: Sent | MsgType: Request | To: ALL validators | Msg: {'req_id': '1_5', 'command': '1-5'}
Timestamp: 2021-11-03 19:12:37.894930 | ProcessId: client_1 | Event: Received | MsgType: Response | From: validator_0 | Msg: {'req_id': '1_2', 'resp_status': 'success'}
Timestamp: 2021-11-03 19:12:37.900384 | ProcessId: client_1 | Event: Received | MsgType: Response | From: validator_1 | Msg: {'req_id': '1_2', 'resp_status': 'success'}
Timestamp: 2021-11-03 19:12:37.901535 | ProcessId: client_1 | Action: Received f + 1 valid responses | Object: 1_2 |
Timestamp: 2021-11-03 19:12:37.902374 | ProcessId: client_1 | Event: Received | MsgType: Response | From: validator_2 | Msg: {'req_id': '1_2', 'resp_status': 'success'}
Timestamp: 2021-11-03 19:12:37.902656 | ProcessId: client_1 | Event: Received | MsgType: Response | From: validator_3 | Msg: {'req_id': '1_2', 'resp_status': 'success'}
Timestamp: 2021-11-03 19:12:37.943107 | ProcessId: client_1 | Event: Received | MsgType: Response | From: validator_2 | Msg: {'req_id': '1_3', 'resp_status': 'success'}
Timestamp: 2021-11-03 19:12:37.947334 | ProcessId: client_1 | Event: Received | MsgType: Response | From: validator_1 | Msg: {'req_id': '1_3', 'resp_status': 'success'}
Timestamp: 2021-11-03 19:12:37.947560 | ProcessId: client_1 | Action: Received f + 1 valid responses | Object: 1_3 |
Timestamp: 2021-11-03 19:12:37.948602 | ProcessId: client_1 | Event: Received | MsgType: Response | From: validator_0 | Msg: {'req_id': '1_3', 'resp_status': 'success'}
Timestamp: 2021-11-03 19:12:37.949540 | ProcessId: client_1 | Event: Received | MsgType: Response | From: validator_3 | Msg: {'req_id': '1_3', 'resp_status': 'success'}
Timestamp: 2021-11-03 19:12:37.975711 | ProcessId: client_1 | Event: Received | MsgType: Response | From: validator_1 | Msg: {'req_id': '1_4', 'resp_status': 'success'}
Timestamp: 2021-11-03 19:12:37.980922 | ProcessId: client_1 | Event: Received | MsgType: Response | From: validator_3 | Msg: {'req_id': '1_4', 'resp_status': 'success'}
Timestamp: 2021-11-03 19:12:37.981786 | ProcessId: client_1 | Action: Received f + 1 valid responses | Object: 1_4 |
Timestamp: 2021-11-03 19:12:37.982123 | ProcessId: client_1 | Event: Received | MsgType: Response | From: validator_2 | Msg: {'req_id': '1_4', 'resp_status': 'success'}
Timestamp: 2021-11-03 19:12:37.982361 | ProcessId: client_1 | Event: Received | MsgType: Response | From: validator_0 | Msg: {'req_id': '1_4', 'resp_status': 'success'}
Timestamp: 2021-11-03 19:12:37.991622 | ProcessId: client_1 | Event: Received | MsgType: Response | From: validator_0 | Msg: {'req_id': '1_5', 'resp_status': 'success'}
Timestamp: 2021-11-03 19:12:37.996351 | ProcessId: client_1 | Event: Received | MsgType: Response | From: validator_2 | Msg: {'req_id': '1_5', 'resp_status': 'success'}
Timestamp: 2021-11-03 19:12:37.996762 | ProcessId: client_1 | Action: Received f + 1 valid responses | Object: 1_5 |
Timestamp: 2021-11-03 19:12:37.997034 | ProcessId: client_1 | Event: Received | MsgType: Response | From: validator_3 | Msg: {'req_id': '1_5', 'resp_status': 'success'}
Timestamp: 2021-11-03 19:12:37.997356 | ProcessId: client_1 | Event: Received | MsgType: Response | From: validator_1 | Msg: {'req_id': '1_5', 'resp_status': 'success'}
Timestamp: 2021-11-03 19:12:38.098584 | ProcessId: client_1 | Event: Received | MsgType: Response | From: validator_2 | Msg: {'req_id': '1_1', 'resp_status': 'success'}
Timestamp: 2021-11-03 19:12:38.108136 | ProcessId: client_1 | Event: Received | MsgType: Response | From: validator_1 | Msg: {'req_id': '1_1', 'resp_status': 'success'}
Timestamp: 2021-11-03 19:12:38.108402 | ProcessId: client_1 | Action: Received f + 1 valid responses | Object: 1_1 |
Timestamp: 2021-11-03 19:12:38.108780 | ProcessId: client_1 | Event: Sent | MsgType: Done | To: parent_process | Msg: None
