Timestamp: 2021-11-03 19:12:17.216121 | ProcessId: client_0 | Action: Initial configuration | Object: {'nvalidators': 4, 'nfaulty': 1, 'nclients': 3, 'nclientops': 6, 'sleeptime': 1, 'clienttimeout': 10, 'delta': 3, 'window_size': 5, 'exclude_size': 1, 'failure_config': FailureConfig(failures=[Failure(src=3, dest='_', msg_type=<MsgType.Vote: 4>, round=8, prob=1, fail_type=<FailType.SetAttr: 3>, val=2, attr='current_round')], seed=637713655)} |
Timestamp: 2021-11-03 19:12:17.342340 | ProcessId: client_0 | Event: Sent | MsgType: Request | To: ALL validators | Msg: {'req_id': '0_0', 'command': '0-0'}
Timestamp: 2021-11-03 19:12:17.365451 | ProcessId: client_0 | Event: Sent | MsgType: Request | To: ALL validators | Msg: {'req_id': '0_1', 'command': '0-1'}
Timestamp: 2021-11-03 19:12:17.383959 | ProcessId: client_0 | Event: Sent | MsgType: Request | To: ALL validators | Msg: {'req_id': '0_2', 'command': '0-2'}
Timestamp: 2021-11-03 19:12:17.390244 | ProcessId: client_0 | Event: Sent | MsgType: Request | To: ALL validators | Msg: {'req_id': '0_3', 'command': '0-3'}
Timestamp: 2021-11-03 19:12:17.403496 | ProcessId: client_0 | Event: Sent | MsgType: Request | To: ALL validators | Msg: {'req_id': '0_4', 'command': '0-4'}
Timestamp: 2021-11-03 19:12:17.413337 | ProcessId: client_0 | Event: Sent | MsgType: Request | To: ALL validators | Msg: {'req_id': '0_5', 'command': '0-5'}
Timestamp: 2021-11-03 19:12:17.760058 | ProcessId: client_0 | Event: Received | MsgType: Response | From: validator_0 | Msg: {'req_id': '0_0', 'resp_status': 'success'}
Timestamp: 2021-11-03 19:12:17.787585 | ProcessId: client_0 | Event: Received | MsgType: Response | From: validator_2 | Msg: {'req_id': '0_0', 'resp_status': 'success'}
Timestamp: 2021-11-03 19:12:17.787862 | ProcessId: client_0 | Action: Received f + 1 valid responses | Object: 0_0 |
Timestamp: 2021-11-03 19:12:17.788135 | ProcessId: client_0 | Event: Received | MsgType: Response | From: validator_1 | Msg: {'req_id': '0_0', 'resp_status': 'success'}
Timestamp: 2021-11-03 19:12:17.791510 | ProcessId: client_0 | Event: Received | MsgType: Response | From: validator_3 | Msg: {'req_id': '0_0', 'resp_status': 'success'}
Timestamp: 2021-11-03 19:12:18.745852 | ProcessId: client_0 | Event: Received | MsgType: Response | From: validator_0 | Msg: {'req_id': '0_1', 'resp_status': 'success'}
Timestamp: 2021-11-03 19:12:18.762992 | ProcessId: client_0 | Event: Received | MsgType: Response | From: validator_3 | Msg: {'req_id': '0_1', 'resp_status': 'success'}
Timestamp: 2021-11-03 19:12:18.763456 | ProcessId: client_0 | Action: Received f + 1 valid responses | Object: 0_1 |
Timestamp: 2021-11-03 19:12:18.766456 | ProcessId: client_0 | Event: Received | MsgType: Response | From: validator_2 | Msg: {'req_id': '0_1', 'resp_status': 'success'}
Timestamp: 2021-11-03 19:12:18.769883 | ProcessId: client_0 | Event: Received | MsgType: Response | From: validator_1 | Msg: {'req_id': '0_1', 'resp_status': 'success'}
Timestamp: 2021-11-03 19:12:18.773965 | ProcessId: client_0 | Event: Received | MsgType: Response | From: validator_0 | Msg: {'req_id': '0_2', 'resp_status': 'success'}
Timestamp: 2021-11-03 19:12:18.780804 | ProcessId: client_0 | Event: Received | MsgType: Response | From: validator_3 | Msg: {'req_id': '0_2', 'resp_status': 'success'}
Timestamp: 2021-11-03 19:12:18.781659 | ProcessId: client_0 | Action: Received f + 1 valid responses | Object: 0_2 |
Timestamp: 2021-11-03 19:12:18.789550 | ProcessId: client_0 | Event: Received | MsgType: Response | From: validator_2 | Msg: {'req_id': '0_2', 'resp_status': 'success'}
Timestamp: 2021-11-03 19:12:18.791298 | ProcessId: client_0 | Event: Received | MsgType: Response | From: validator_1 | Msg: {'req_id': '0_2', 'resp_status': 'success'}
Timestamp: 2021-11-03 19:12:18.803173 | ProcessId: client_0 | Event: Received | MsgType: Response | From: validator_2 | Msg: {'req_id': '0_3', 'resp_status': 'success'}
Timestamp: 2021-11-03 19:12:18.818578 | ProcessId: client_0 | Event: Received | MsgType: Response | From: validator_0 | Msg: {'req_id': '0_3', 'resp_status': 'success'}
Timestamp: 2021-11-03 19:12:18.823207 | ProcessId: client_0 | Action: Received f + 1 valid responses | Object: 0_3 |
Timestamp: 2021-11-03 19:12:18.824118 | ProcessId: client_0 | Event: Received | MsgType: Response | From: validator_1 | Msg: {'req_id': '0_3', 'resp_status': 'success'}
Timestamp: 2021-11-03 19:12:18.827719 | ProcessId: client_0 | Event: Received | MsgType: Response | From: validator_3 | Msg: {'req_id': '0_3', 'resp_status': 'success'}
Timestamp: 2021-11-03 19:12:18.835568 | ProcessId: client_0 | Event: Received | MsgType: Response | From: validator_3 | Msg: {'req_id': '0_4', 'resp_status': 'success'}
Timestamp: 2021-11-03 19:12:18.846607 | ProcessId: client_0 | Event: Received | MsgType: Response | From: validator_1 | Msg: {'req_id': '0_4', 'resp_status': 'success'}
Timestamp: 2021-11-03 19:12:18.846881 | ProcessId: client_0 | Action: Received f + 1 valid responses | Object: 0_4 |
Timestamp: 2021-11-03 19:12:18.847768 | ProcessId: client_0 | Event: Received | MsgType: Response | From: validator_2 | Msg: {'req_id': '0_4', 'resp_status': 'success'}
Timestamp: 2021-11-03 19:12:18.848037 | ProcessId: client_0 | Event: Received | MsgType: Response | From: validator_0 | Msg: {'req_id': '0_4', 'resp_status': 'success'}
Timestamp: 2021-11-03 19:12:18.859626 | ProcessId: client_0 | Event: Received | MsgType: Response | From: validator_1 | Msg: {'req_id': '0_5', 'resp_status': 'success'}
Timestamp: 2021-11-03 19:12:18.875567 | ProcessId: client_0 | Event: Received | MsgType: Response | From: validator_0 | Msg: {'req_id': '0_5', 'resp_status': 'success'}
Timestamp: 2021-11-03 19:12:18.879433 | ProcessId: client_0 | Action: Received f + 1 valid responses | Object: 0_5 |
Timestamp: 2021-11-03 19:12:18.880540 | ProcessId: client_0 | Event: Sent | MsgType: Done | To: parent_process | Msg: None
