Timestamp: 2021-11-03 19:12:17.286568 | ProcessId: client_2 | Action: Initial configuration | Object: {'nvalidators': 4, 'nfaulty': 1, 'nclients': 3, 'nclientops': 6, 'sleeptime': 1, 'clienttimeout': 10, 'delta': 3, 'window_size': 5, 'exclude_size': 1, 'failure_config': FailureConfig(failures=[Failure(src=3, dest='_', msg_type=<MsgType.Vote: 4>, round=8, prob=1, fail_type=<FailType.SetAttr: 3>, val=2, attr='current_round')], seed=637713655)} |
Timestamp: 2021-11-03 19:12:17.328080 | ProcessId: client_2 | Event: Sent | MsgType: Request | To: ALL validators | Msg: {'req_id': '2_0', 'command': '2-0'}
Timestamp: 2021-11-03 19:12:17.336770 | ProcessId: client_2 | Event: Sent | MsgType: Request | To: ALL validators | Msg: {'req_id': '2_1', 'command': '2-1'}
Timestamp: 2021-11-03 19:12:17.353524 | ProcessId: client_2 | Event: Sent | MsgType: Request | To: ALL validators | Msg: {'req_id': '2_2', 'command': '2-2'}
Timestamp: 2021-11-03 19:12:17.357971 | ProcessId: client_2 | Event: Sent | MsgType: Request | To: ALL validators | Msg: {'req_id': '2_3', 'command': '2-3'}
Timestamp: 2021-11-03 19:12:17.358984 | ProcessId: client_2 | Event: Sent | MsgType: Request | To: ALL validators | Msg: {'req_id': '2_4', 'command': '2-4'}
Timestamp: 2021-11-03 19:12:17.363679 | ProcessId: client_2 | Event: Sent | MsgType: Request | To: ALL validators | Msg: {'req_id': '2_5', 'command': '2-5'}
Timestamp: 2021-11-03 19:12:17.561412 | ProcessId: client_2 | Event: Received | MsgType: Response | From: validator_1 | Msg: {'req_id': '2_0', 'resp_status': 'success'}
Timestamp: 2021-11-03 19:12:17.595151 | ProcessId: client_2 | Event: Received | MsgType: Response | From: validator_0 | Msg: {'req_id': '2_0', 'resp_status': 'success'}
Timestamp: 2021-11-03 19:12:17.600777 | ProcessId: client_2 | Action: Received f + 1 valid responses | Object: 2_0 |
Timestamp: 2021-11-03 19:12:17.601798 | ProcessId: client_2 | Event: Received | MsgType: Response | From: validator_3 | Msg: {'req_id': '2_0', 'resp_status': 'success'}
Timestamp: 2021-11-03 19:12:17.610005 | ProcessId: client_2 | Event: Received | MsgType: Response | From: validator_2 | Msg: {'req_id': '2_0', 'resp_status': 'success'}
Timestamp: 2021-11-03 19:12:17.848826 | ProcessId: client_2 | Event: Received | MsgType: Response | From: validator_0 | Msg: {'req_id': '2_1', 'resp_status': 'success'}
Timestamp: 2021-11-03 19:12:17.855133 | ProcessId: client_2 | Event: Received | MsgType: Response | From: validator_2 | Msg: {'req_id': '2_1', 'resp_status': 'success'}
Timestamp: 2021-11-03 19:12:17.861265 | ProcessId: client_2 | Action: Received f + 1 valid responses | Object: 2_1 |
Timestamp: 2021-11-03 19:12:17.865077 | ProcessId: client_2 | Event: Received | MsgType: Response | From: validator_1 | Msg: {'req_id': '2_1', 'resp_status': 'success'}
Timestamp: 2021-11-03 19:12:17.870459 | ProcessId: client_2 | Event: Received | MsgType: Response | From: validator_3 | Msg: {'req_id': '2_1', 'resp_status': 'success'}
Timestamp: 2021-11-03 19:12:18.032508 | ProcessId: client_2 | Event: Received | MsgType: Response | From: validator_3 | Msg: {'req_id': '2_2', 'resp_status': 'success'}
Timestamp: 2021-11-03 19:12:18.157736 | ProcessId: client_2 | Event: Received | MsgType: Response | From: validator_0 | Msg: {'req_id': '2_2', 'resp_status': 'success'}
Timestamp: 2021-11-03 19:12:18.164063 | ProcessId: client_2 | Action: Received f + 1 valid responses | Object: 2_2 |
Timestamp: 2021-11-03 19:12:18.218225 | ProcessId: client_2 | Event: Received | MsgType: Response | From: validator_1 | Msg: {'req_id': '2_2', 'resp_status': 'success'}
Timestamp: 2021-11-03 19:12:18.233772 | ProcessId: client_2 | Event: Received | MsgType: Response | From: validator_2 | Msg: {'req_id': '2_2', 'resp_status': 'success'}
Timestamp: 2021-11-03 19:12:18.542282 | ProcessId: client_2 | Event: Received | MsgType: Response | From: validator_1 | Msg: {'req_id': '2_3', 'resp_status': 'success'}
Timestamp: 2021-11-03 19:12:18.554046 | ProcessId: client_2 | Event: Received | MsgType: Response | From: validator_2 | Msg: {'req_id': '2_3', 'resp_status': 'success'}
Timestamp: 2021-11-03 19:12:18.557896 | ProcessId: client_2 | Action: Received f + 1 valid responses | Object: 2_3 |
Timestamp: 2021-11-03 19:12:18.562876 | ProcessId: client_2 | Event: Received | MsgType: Response | From: validator_3 | Msg: {'req_id': '2_3', 'resp_status': 'success'}
Timestamp: 2021-11-03 19:12:18.563232 | ProcessId: client_2 | Event: Received | MsgType: Response | From: validator_0 | Msg: {'req_id': '2_3', 'resp_status': 'success'}
Timestamp: 2021-11-03 19:12:18.651858 | ProcessId: client_2 | Event: Received | MsgType: Response | From: validator_2 | Msg: {'req_id': '2_4', 'resp_status': 'success'}
Timestamp: 2021-11-03 19:12:18.663790 | ProcessId: client_2 | Event: Received | MsgType: Response | From: validator_0 | Msg: {'req_id': '2_4', 'resp_status': 'success'}
Timestamp: 2021-11-03 19:12:18.664138 | ProcessId: client_2 | Action: Received f + 1 valid responses | Object: 2_4 |
Timestamp: 2021-11-03 19:12:18.664827 | ProcessId: client_2 | Event: Received | MsgType: Response | From: validator_3 | Msg: {'req_id': '2_4', 'resp_status': 'success'}
Timestamp: 2021-11-03 19:12:18.666061 | ProcessId: client_2 | Event: Received | MsgType: Response | From: validator_1 | Msg: {'req_id': '2_4', 'resp_status': 'success'}
Timestamp: 2021-11-03 19:12:18.705767 | ProcessId: client_2 | Event: Received | MsgType: Response | From: validator_1 | Msg: {'req_id': '2_5', 'resp_status': 'success'}
Timestamp: 2021-11-03 19:12:18.720731 | ProcessId: client_2 | Event: Received | MsgType: Response | From: validator_0 | Msg: {'req_id': '2_5', 'resp_status': 'success'}
Timestamp: 2021-11-03 19:12:18.721513 | ProcessId: client_2 | Action: Received f + 1 valid responses | Object: 2_5 |
Timestamp: 2021-11-03 19:12:18.722896 | ProcessId: client_2 | Event: Sent | MsgType: Done | To: parent_process | Msg: None
