Timestamp: 2021-11-03 19:12:17.798340 | ProcessId: client_0 | Action: Initial configuration | Object: {'nvalidators': 7, 'nfaulty': 2, 'nclients': 6, 'nclientops': 9, 'sleeptime': 1, 'clienttimeout': 10, 'delta': 2, 'window_size': 5, 'exclude_size': 3, 'failure_config': FailureConfig(failures=[Failure(src='_', dest='leader', msg_type=<MsgType.Vote: 4>, round=4, prob=1, fail_type=<FailType.MsgLoss: 1>, val=None, attr=None), Failure(src='leader', dest='_', msg_type=<MsgType.Proposal: 1>, round=5, prob=1, fail_type=<FailType.Delay: 2>, val=40, attr=None), Failure(src=5, dest='_', msg_type=<MsgType.Vote: 4>, round=8, prob=1, fail_type=<FailType.SetAttr: 3>, val=2, attr='current_round'), Failure(src=6, dest='_', msg_type=<MsgType.Vote: 4>, round=8, prob=1, fail_type=<FailType.SetAttr: 3>, val=100, attr='highest_vote_round'), Failure(src=5, dest='leader', msg_type=<MsgType.Vote: 4>, round=10, prob=1, fail_type=<FailType.MsgLoss: 1>, val=None, attr=None), Failure(src=6, dest='leader', msg_type=<MsgType.Vote: 4>, round=10, prob=1, fail_type=<FailType.MsgLoss: 1>, val=None, attr=None)], seed=637713655)} |
Timestamp: 2021-11-03 19:12:18.069682 | ProcessId: client_0 | Event: Sent | MsgType: Request | To: ALL validators | Msg: {'req_id': '0_0', 'command': '0-0'}
Timestamp: 2021-11-03 19:12:18.090585 | ProcessId: client_0 | Event: Sent | MsgType: Request | To: ALL validators | Msg: {'req_id': '0_1', 'command': '0-1'}
Timestamp: 2021-11-03 19:12:18.102066 | ProcessId: client_0 | Event: Sent | MsgType: Request | To: ALL validators | Msg: {'req_id': '0_2', 'command': '0-2'}
Timestamp: 2021-11-03 19:12:18.113119 | ProcessId: client_0 | Event: Sent | MsgType: Request | To: ALL validators | Msg: {'req_id': '0_3', 'command': '0-3'}
Timestamp: 2021-11-03 19:12:18.125791 | ProcessId: client_0 | Event: Sent | MsgType: Request | To: ALL validators | Msg: {'req_id': '0_4', 'command': '0-4'}
Timestamp: 2021-11-03 19:12:18.142343 | ProcessId: client_0 | Event: Sent | MsgType: Request | To: ALL validators | Msg: {'req_id': '0_5', 'command': '0-5'}
Timestamp: 2021-11-03 19:12:18.159061 | ProcessId: client_0 | Event: Sent | MsgType: Request | To: ALL validators | Msg: {'req_id': '0_6', 'command': '0-6'}
Timestamp: 2021-11-03 19:12:18.190868 | ProcessId: client_0 | Event: Sent | MsgType: Request | To: ALL validators | Msg: {'req_id': '0_7', 'command': '0-7'}
Timestamp: 2021-11-03 19:12:18.218174 | ProcessId: client_0 | Event: Sent | MsgType: Request | To: ALL validators | Msg: {'req_id': '0_8', 'command': '0-8'}
Timestamp: 2021-11-03 19:12:18.588719 | ProcessId: client_0 | Event: Received | MsgType: Response | From: validator_1 | Msg: {'req_id': '0_0', 'resp_status': 'success'}
Timestamp: 2021-11-03 19:12:18.649540 | ProcessId: client_0 | Event: Received | MsgType: Response | From: validator_6 | Msg: {'req_id': '0_0', 'resp_status': 'success'}
Timestamp: 2021-11-03 19:12:18.652520 | ProcessId: client_0 | Event: Received | MsgType: Response | From: validator_4 | Msg: {'req_id': '0_0', 'resp_status': 'success'}
Timestamp: 2021-11-03 19:12:18.652921 | ProcessId: client_0 | Action: Received f + 1 valid responses | Object: 0_0 |
Timestamp: 2021-11-03 19:12:18.653803 | ProcessId: client_0 | Event: Received | MsgType: Response | From: validator_3 | Msg: {'req_id': '0_0', 'resp_status': 'success'}
Timestamp: 2021-11-03 19:12:18.654713 | ProcessId: client_0 | Event: Received | MsgType: Response | From: validator_5 | Msg: {'req_id': '0_0', 'resp_status': 'success'}
Timestamp: 2021-11-03 19:12:18.655484 | ProcessId: client_0 | Event: Received | MsgType: Response | From: validator_2 | Msg: {'req_id': '0_0', 'resp_status': 'success'}
Timestamp: 2021-11-03 19:12:18.656613 | ProcessId: client_0 | Event: Received | MsgType: Response | From: validator_0 | Msg: {'req_id': '0_0', 'resp_status': 'success'}
Timestamp: 2021-11-03 19:12:28.099278 | ProcessId: client_0 | Action: Retransmitting Request | Object: {'req_id': '0_1', 'command': '0-1'} |
Timestamp: 2021-11-03 19:12:28.101258 | ProcessId: client_0 | Event: Sent | MsgType: Request | To: ALL validators | Msg: {'req_id': '0_1', 'command': '0-1'}
Timestamp: 2021-11-03 19:12:28.112243 | ProcessId: client_0 | Action: Retransmitting Request | Object: {'req_id': '0_2', 'command': '0-2'} |
Timestamp: 2021-11-03 19:12:28.114271 | ProcessId: client_0 | Event: Sent | MsgType: Request | To: ALL validators | Msg: {'req_id': '0_2', 'command': '0-2'}
Timestamp: 2021-11-03 19:12:28.124313 | ProcessId: client_0 | Action: Retransmitting Request | Object: {'req_id': '0_3', 'command': '0-3'} |
Timestamp: 2021-11-03 19:12:28.126501 | ProcessId: client_0 | Event: Sent | MsgType: Request | To: ALL validators | Msg: {'req_id': '0_3', 'command': '0-3'}
Timestamp: 2021-11-03 19:12:28.135432 | ProcessId: client_0 | Action: Retransmitting Request | Object: {'req_id': '0_4', 'command': '0-4'} |
Timestamp: 2021-11-03 19:12:28.138181 | ProcessId: client_0 | Event: Sent | MsgType: Request | To: ALL validators | Msg: {'req_id': '0_4', 'command': '0-4'}
Timestamp: 2021-11-03 19:12:28.155539 | ProcessId: client_0 | Action: Retransmitting Request | Object: {'req_id': '0_5', 'command': '0-5'} |
Timestamp: 2021-11-03 19:12:28.156504 | ProcessId: client_0 | Event: Sent | MsgType: Request | To: ALL validators | Msg: {'req_id': '0_5', 'command': '0-5'}
Timestamp: 2021-11-03 19:12:28.168109 | ProcessId: client_0 | Action: Retransmitting Request | Object: {'req_id': '0_6', 'command': '0-6'} |
Timestamp: 2021-11-03 19:12:28.168963 | ProcessId: client_0 | Event: Sent | MsgType: Request | To: ALL validators | Msg: {'req_id': '0_6', 'command': '0-6'}
Timestamp: 2021-11-03 19:12:28.213205 | ProcessId: client_0 | Action: Retransmitting Request | Object: {'req_id': '0_7', 'command': '0-7'} |
Timestamp: 2021-11-03 19:12:28.215981 | ProcessId: client_0 | Event: Sent | MsgType: Request | To: ALL validators | Msg: {'req_id': '0_7', 'command': '0-7'}
Timestamp: 2021-11-03 19:12:28.225133 | ProcessId: client_0 | Action: Retransmitting Request | Object: {'req_id': '0_8', 'command': '0-8'} |
Timestamp: 2021-11-03 19:12:28.227401 | ProcessId: client_0 | Event: Sent | MsgType: Request | To: ALL validators | Msg: {'req_id': '0_8', 'command': '0-8'}
Timestamp: 2021-11-03 19:12:35.145530 | ProcessId: client_0 | Event: Received | MsgType: Response | From: validator_2 | Msg: {'req_id': '0_1', 'resp_status': 'success'}
Timestamp: 2021-11-03 19:12:35.149674 | ProcessId: client_0 | Event: Received | MsgType: Response | From: validator_0 | Msg: {'req_id': '0_1', 'resp_status': 'success'}
Timestamp: 2021-11-03 19:12:35.150142 | ProcessId: client_0 | Event: Received | MsgType: Response | From: validator_1 | Msg: {'req_id': '0_1', 'resp_status': 'success'}
Timestamp: 2021-11-03 19:12:35.150875 | ProcessId: client_0 | Action: Received f + 1 valid responses | Object: 0_1 |
Timestamp: 2021-11-03 19:12:35.152810 | ProcessId: client_0 | Event: Received | MsgType: Response | From: validator_5 | Msg: {'req_id': '0_1', 'resp_status': 'success'}
Timestamp: 2021-11-03 19:12:35.153086 | ProcessId: client_0 | Event: Received | MsgType: Response | From: validator_6 | Msg: {'req_id': '0_1', 'resp_status': 'success'}
Timestamp: 2021-11-03 19:12:35.153794 | ProcessId: client_0 | Event: Received | MsgType: Response | From: validator_4 | Msg: {'req_id': '0_1', 'resp_status': 'success'}
Timestamp: 2021-11-03 19:12:35.154787 | ProcessId: client_0 | Event: Received | MsgType: Response | From: validator_3 | Msg: {'req_id': '0_1', 'resp_status': 'success'}
Timestamp: 2021-11-03 19:12:35.267877 | ProcessId: client_0 | Event: Received | MsgType: Response | From: validator_0 | Msg: {'req_id': '0_2', 'resp_status': 'success'}
Timestamp: 2021-11-03 19:12:35.273051 | ProcessId: client_0 | Event: Received | MsgType: Response | From: validator_1 | Msg: {'req_id': '0_2', 'resp_status': 'success'}
Timestamp: 2021-11-03 19:12:35.274370 | ProcessId: client_0 | Event: Received | MsgType: Response | From: validator_2 | Msg: {'req_id': '0_2', 'resp_status': 'success'}
Timestamp: 2021-11-03 19:12:35.275089 | ProcessId: client_0 | Action: Received f + 1 valid responses | Object: 0_2 |
Timestamp: 2021-11-03 19:12:35.275684 | ProcessId: client_0 | Event: Received | MsgType: Response | From: validator_3 | Msg: {'req_id': '0_2', 'resp_status': 'success'}
Timestamp: 2021-11-03 19:12:35.276932 | ProcessId: client_0 | Event: Received | MsgType: Response | From: validator_4 | Msg: {'req_id': '0_2', 'resp_status': 'success'}
Timestamp: 2021-11-03 19:12:35.277442 | ProcessId: client_0 | Event: Received | MsgType: Response | From: validator_6 | Msg: {'req_id': '0_2', 'resp_status': 'success'}
Timestamp: 2021-11-03 19:12:35.277905 | ProcessId: client_0 | Event: Received | MsgType: Response | From: validator_5 | Msg: {'req_id': '0_2', 'resp_status': 'success'}
Timestamp: 2021-11-03 19:12:35.326079 | ProcessId: client_0 | Event: Received | MsgType: Response | From: validator_3 | Msg: {'req_id': '0_3', 'resp_status': 'success'}
Timestamp: 2021-11-03 19:12:35.330871 | ProcessId: client_0 | Event: Received | MsgType: Response | From: validator_1 | Msg: {'req_id': '0_3', 'resp_status': 'success'}
Timestamp: 2021-11-03 19:12:35.331769 | ProcessId: client_0 | Event: Received | MsgType: Response | From: validator_0 | Msg: {'req_id': '0_3', 'resp_status': 'success'}
Timestamp: 2021-11-03 19:12:35.333728 | ProcessId: client_0 | Action: Received f + 1 valid responses | Object: 0_3 |
Timestamp: 2021-11-03 19:12:35.334211 | ProcessId: client_0 | Event: Received | MsgType: Response | From: validator_4 | Msg: {'req_id': '0_3', 'resp_status': 'success'}
Timestamp: 2021-11-03 19:12:35.334929 | ProcessId: client_0 | Event: Received | MsgType: Response | From: validator_2 | Msg: {'req_id': '0_3', 'resp_status': 'success'}
Timestamp: 2021-11-03 19:12:35.335284 | ProcessId: client_0 | Event: Received | MsgType: Response | From: validator_6 | Msg: {'req_id': '0_3', 'resp_status': 'success'}
Timestamp: 2021-11-03 19:12:35.335539 | ProcessId: client_0 | Event: Received | MsgType: Response | From: validator_5 | Msg: {'req_id': '0_3', 'resp_status': 'success'}
Timestamp: 2021-11-03 19:12:35.476535 | ProcessId: client_0 | Event: Received | MsgType: Response | From: validator_0 | Msg: {'req_id': '0_4', 'resp_status': 'success'}
Timestamp: 2021-11-03 19:12:35.481335 | ProcessId: client_0 | Event: Received | MsgType: Response | From: validator_2 | Msg: {'req_id': '0_4', 'resp_status': 'success'}
Timestamp: 2021-11-03 19:12:35.481649 | ProcessId: client_0 | Event: Received | MsgType: Response | From: validator_3 | Msg: {'req_id': '0_4', 'resp_status': 'success'}
Timestamp: 2021-11-03 19:12:35.481899 | ProcessId: client_0 | Action: Received f + 1 valid responses | Object: 0_4 |
Timestamp: 2021-11-03 19:12:35.483704 | ProcessId: client_0 | Event: Received | MsgType: Response | From: validator_5 | Msg: {'req_id': '0_4', 'resp_status': 'success'}
Timestamp: 2021-11-03 19:12:35.484414 | ProcessId: client_0 | Event: Received | MsgType: Response | From: validator_6 | Msg: {'req_id': '0_4', 'resp_status': 'success'}
Timestamp: 2021-11-03 19:12:35.484705 | ProcessId: client_0 | Event: Received | MsgType: Response | From: validator_1 | Msg: {'req_id': '0_4', 'resp_status': 'success'}
Timestamp: 2021-11-03 19:12:35.485482 | ProcessId: client_0 | Event: Received | MsgType: Response | From: validator_4 | Msg: {'req_id': '0_4', 'resp_status': 'success'}
Timestamp: 2021-11-03 19:12:35.599680 | ProcessId: client_0 | Event: Received | MsgType: Response | From: validator_1 | Msg: {'req_id': '0_5', 'resp_status': 'success'}
Timestamp: 2021-11-03 19:12:35.604899 | ProcessId: client_0 | Event: Received | MsgType: Response | From: validator_2 | Msg: {'req_id': '0_5', 'resp_status': 'success'}
Timestamp: 2021-11-03 19:12:35.607207 | ProcessId: client_0 | Event: Received | MsgType: Response | From: validator_3 | Msg: {'req_id': '0_5', 'resp_status': 'success'}
Timestamp: 2021-11-03 19:12:35.607639 | ProcessId: client_0 | Action: Received f + 1 valid responses | Object: 0_5 |
Timestamp: 2021-11-03 19:12:35.607915 | ProcessId: client_0 | Event: Received | MsgType: Response | From: validator_0 | Msg: {'req_id': '0_5', 'resp_status': 'success'}
Timestamp: 2021-11-03 19:12:35.608203 | ProcessId: client_0 | Event: Received | MsgType: Response | From: validator_5 | Msg: {'req_id': '0_5', 'resp_status': 'success'}
Timestamp: 2021-11-03 19:12:35.608476 | ProcessId: client_0 | Event: Received | MsgType: Response | From: validator_4 | Msg: {'req_id': '0_5', 'resp_status': 'success'}
Timestamp: 2021-11-03 19:12:35.608713 | ProcessId: client_0 | Event: Received | MsgType: Response | From: validator_6 | Msg: {'req_id': '0_5', 'resp_status': 'success'}
Timestamp: 2021-11-03 19:12:35.689700 | ProcessId: client_0 | Event: Received | MsgType: Response | From: validator_2 | Msg: {'req_id': '0_6', 'resp_status': 'success'}
Timestamp: 2021-11-03 19:12:35.694871 | ProcessId: client_0 | Event: Received | MsgType: Response | From: validator_0 | Msg: {'req_id': '0_6', 'resp_status': 'success'}
Timestamp: 2021-11-03 19:12:35.695476 | ProcessId: client_0 | Event: Received | MsgType: Response | From: validator_1 | Msg: {'req_id': '0_6', 'resp_status': 'success'}
Timestamp: 2021-11-03 19:12:35.696129 | ProcessId: client_0 | Action: Received f + 1 valid responses | Object: 0_6 |
Timestamp: 2021-11-03 19:12:35.697255 | ProcessId: client_0 | Event: Received | MsgType: Response | From: validator_3 | Msg: {'req_id': '0_6', 'resp_status': 'success'}
Timestamp: 2021-11-03 19:12:35.697532 | ProcessId: client_0 | Event: Received | MsgType: Response | From: validator_5 | Msg: {'req_id': '0_6', 'resp_status': 'success'}
Timestamp: 2021-11-03 19:12:35.697949 | ProcessId: client_0 | Event: Received | MsgType: Response | From: validator_6 | Msg: {'req_id': '0_6', 'resp_status': 'success'}
Timestamp: 2021-11-03 19:12:35.698213 | ProcessId: client_0 | Event: Received | MsgType: Response | From: validator_4 | Msg: {'req_id': '0_6', 'resp_status': 'success'}
Timestamp: 2021-11-03 19:12:35.794300 | ProcessId: client_0 | Event: Received | MsgType: Response | From: validator_1 | Msg: {'req_id': '0_7', 'resp_status': 'success'}
Timestamp: 2021-11-03 19:12:35.798390 | ProcessId: client_0 | Event: Received | MsgType: Response | From: validator_0 | Msg: {'req_id': '0_7', 'resp_status': 'success'}
Timestamp: 2021-11-03 19:12:35.799635 | ProcessId: client_0 | Event: Received | MsgType: Response | From: validator_2 | Msg: {'req_id': '0_7', 'resp_status': 'success'}
Timestamp: 2021-11-03 19:12:35.801149 | ProcessId: client_0 | Action: Received f + 1 valid responses | Object: 0_7 |
Timestamp: 2021-11-03 19:12:35.802137 | ProcessId: client_0 | Event: Received | MsgType: Response | From: validator_4 | Msg: {'req_id': '0_7', 'resp_status': 'success'}
Timestamp: 2021-11-03 19:12:35.802776 | ProcessId: client_0 | Event: Received | MsgType: Response | From: validator_6 | Msg: {'req_id': '0_7', 'resp_status': 'success'}
Timestamp: 2021-11-03 19:12:35.803029 | ProcessId: client_0 | Event: Received | MsgType: Response | From: validator_5 | Msg: {'req_id': '0_7', 'resp_status': 'success'}
Timestamp: 2021-11-03 19:12:35.803339 | ProcessId: client_0 | Event: Received | MsgType: Response | From: validator_3 | Msg: {'req_id': '0_7', 'resp_status': 'success'}
Timestamp: 2021-11-03 19:12:35.879869 | ProcessId: client_0 | Event: Received | MsgType: Response | From: validator_0 | Msg: {'req_id': '0_8', 'resp_status': 'success'}
Timestamp: 2021-11-03 19:12:35.884552 | ProcessId: client_0 | Event: Received | MsgType: Response | From: validator_1 | Msg: {'req_id': '0_8', 'resp_status': 'success'}
Timestamp: 2021-11-03 19:12:35.886658 | ProcessId: client_0 | Event: Received | MsgType: Response | From: validator_3 | Msg: {'req_id': '0_8', 'resp_status': 'success'}
Timestamp: 2021-11-03 19:12:35.887451 | ProcessId: client_0 | Action: Received f + 1 valid responses | Object: 0_8 |
Timestamp: 2021-11-03 19:12:35.888807 | ProcessId: client_0 | Event: Sent | MsgType: Done | To: parent_process | Msg: None
